f:\wingtech-detection\wingtech-detection\x64\release\main.obj
f:\wingtech-detection\wingtech-detection\x64\release\melsec_mc_bin.obj
f:\wingtech-detection\wingtech-detection\x64\release\utill.obj
f:\wingtech-detection\wingtech-detection\x64\release\crecipemanager.obj
f:\wingtech-detection\wingtech-detection\x64\release\melsec_helper.obj
f:\wingtech-detection\wingtech-detection\x64\release\socket.obj
f:\wingtech-detection\wingtech-detection\x64\release\algomanager.obj
f:\wingtech-detection\wingtech-detection\x64\release\plcmanager.obj
f:\wingtech-detection\wingtech-detection\x64\release\mylabel.obj
f:\wingtech-detection\wingtech-detection\x64\release\mvcamera.obj
f:\wingtech-detection\wingtech-detection\x64\release\saveimage.obj
f:\wingtech-detection\wingtech-detection\x64\release\adminlogindialog.obj
f:\wingtech-detection\wingtech-detection\x64\release\imagecapture.obj
f:\wingtech-detection\wingtech-detection\x64\release\resultdetials.obj
f:\wingtech-detection\wingtech-detection\x64\release\melsec_mc_comm.obj
f:\wingtech-detection\wingtech-detection\x64\release\statisticswidget.obj
f:\wingtech-detection\wingtech-detection\x64\release\cmainwindow.obj
f:\wingtech-detection\wingtech-detection\x64\release\parametersetting.obj
f:\wingtech-detection\wingtech-detection\x64\release\changepswd.obj
f:\wingtech-detection\wingtech-detection\x64\release\config.obj
f:\wingtech-detection\wingtech-detection\x64\release\moc_resultdetails.obj
f:\wingtech-detection\wingtech-detection\x64\release\moc_imagecapture.obj
f:\wingtech-detection\wingtech-detection\x64\release\moc_adminlogindialog.obj
f:\wingtech-detection\wingtech-detection\x64\release\qrc_cmainwindow.obj
f:\wingtech-detection\wingtech-detection\x64\release\moc_mylabel.obj
f:\wingtech-detection\wingtech-detection\x64\release\moc_plcmanager.obj
f:\wingtech-detection\wingtech-detection\x64\release\moc_changepswd.obj
f:\wingtech-detection\wingtech-detection\x64\release\moc_parametersetting.obj
f:\wingtech-detection\wingtech-detection\x64\release\moc_algomanager.obj
f:\wingtech-detection\wingtech-detection\x64\release\moc_crecipemanager.obj
f:\wingtech-detection\wingtech-detection\x64\release\moc_cmainwindow.obj
f:\wingtech-detection\wingtech-detection\x64\release\moc_statisticswidget.obj
f:\wingtech-detection\x64\release\wingtech-detection.exe
f:\wingtech-detection\wingtech-detection\.\generatedfiles\release\moc_cmainwindow.cpp
f:\wingtech-detection\wingtech-detection\.\generatedfiles\release\moc_statisticswidget.cpp
f:\wingtech-detection\wingtech-detection\.\generatedfiles\release\moc_algomanager.cpp
f:\wingtech-detection\wingtech-detection\.\generatedfiles\release\moc_adminlogindialog.cpp
f:\wingtech-detection\wingtech-detection\.\generatedfiles\release\moc_changepswd.cpp
f:\wingtech-detection\wingtech-detection\.\generatedfiles\release\moc_crecipemanager.cpp
f:\wingtech-detection\wingtech-detection\.\generatedfiles\release\moc_imagecapture.cpp
f:\wingtech-detection\wingtech-detection\.\generatedfiles\release\moc_parametersetting.cpp
f:\wingtech-detection\wingtech-detection\.\generatedfiles\release\moc_plcmanager.cpp
f:\wingtech-detection\wingtech-detection\.\generatedfiles\release\moc_mylabel.cpp
f:\wingtech-detection\wingtech-detection\.\generatedfiles\release\moc_resultdetails.cpp
f:\wingtech-detection\wingtech-detection\x64\release\wingtech-detection.res
f:\wingtech-detection\wingtech-detection\.\generatedfiles\qrc_cmainwindow.cpp
f:\wingtech-detection\wingtech-detection\.\generatedfiles\ui_adminlogindialog.h
f:\wingtech-detection\wingtech-detection\.\generatedfiles\ui_changepswd.h
f:\wingtech-detection\wingtech-detection\.\generatedfiles\ui_cmainwindow.h
f:\wingtech-detection\wingtech-detection\.\generatedfiles\ui_crecipemanager.h
f:\wingtech-detection\wingtech-detection\.\generatedfiles\ui_parametersetting.h
f:\wingtech-detection\wingtech-detection\.\generatedfiles\ui_resultdetails.h
f:\wingtech-detection\wingtech-detection\.\generatedfiles\ui_statisticswidget.h
f:\wingtech-detection\wingtech-detection\generatedfiles\ui_adminlogindialog.h
f:\wingtech-detection\wingtech-detection\generatedfiles\ui_changepswd.h
f:\wingtech-detection\wingtech-detection\generatedfiles\ui_cmainwindow.h
f:\wingtech-detection\wingtech-detection\generatedfiles\ui_crecipemanager.h
f:\wingtech-detection\wingtech-detection\generatedfiles\ui_parametersetting.h
f:\wingtech-detection\wingtech-detection\generatedfiles\ui_resultdetails.h
f:\wingtech-detection\wingtech-detection\generatedfiles\ui_statisticswidget.h
f:\wingtech-detection\wingtech-detection\generatedfiles\qrc_cmainwindow.cpp
f:\wingtech-detection\wingtech-detection\generatedfiles\release\moc_cmainwindow.cpp
f:\wingtech-detection\wingtech-detection\generatedfiles\release\moc_statisticswidget.cpp
f:\wingtech-detection\wingtech-detection\generatedfiles\release\moc_algomanager.cpp
f:\wingtech-detection\wingtech-detection\generatedfiles\release\moc_adminlogindialog.cpp
f:\wingtech-detection\wingtech-detection\generatedfiles\release\moc_changepswd.cpp
f:\wingtech-detection\wingtech-detection\generatedfiles\release\moc_crecipemanager.cpp
f:\wingtech-detection\wingtech-detection\generatedfiles\release\moc_imagecapture.cpp
f:\wingtech-detection\wingtech-detection\generatedfiles\release\moc_parametersetting.cpp
f:\wingtech-detection\wingtech-detection\generatedfiles\release\moc_plcmanager.cpp
f:\wingtech-detection\wingtech-detection\generatedfiles\release\moc_mylabel.cpp
f:\wingtech-detection\wingtech-detection\generatedfiles\release\moc_resultdetails.cpp
f:\wingtech-detection\wingtech-detection\x64\release\wingtech.b12702ad.tlog\cl.10380.write.1.tlog
f:\wingtech-detection\wingtech-detection\x64\release\wingtech.b12702ad.tlog\cl.command.1.tlog
f:\wingtech-detection\wingtech-detection\x64\release\wingtech.b12702ad.tlog\cl.read.1.tlog
f:\wingtech-detection\wingtech-detection\x64\release\wingtech.b12702ad.tlog\link.command.1.tlog
f:\wingtech-detection\wingtech-detection\x64\release\wingtech.b12702ad.tlog\link.read.1.tlog
f:\wingtech-detection\wingtech-detection\x64\release\wingtech.b12702ad.tlog\link.write.1.tlog
f:\wingtech-detection\wingtech-detection\x64\release\wingtech.b12702ad.tlog\moc.read.1u.tlog
f:\wingtech-detection\wingtech-detection\x64\release\wingtech.b12702ad.tlog\moc.write.1u.tlog
f:\wingtech-detection\wingtech-detection\x64\release\wingtech.b12702ad.tlog\rc.command.1.tlog
f:\wingtech-detection\wingtech-detection\x64\release\wingtech.b12702ad.tlog\rc.read.1.tlog
f:\wingtech-detection\wingtech-detection\x64\release\wingtech.b12702ad.tlog\rc.write.1.tlog
f:\wingtech-detection\wingtech-detection\x64\release\wingtech.b12702ad.tlog\rcc.read.1u.tlog
f:\wingtech-detection\wingtech-detection\x64\release\wingtech.b12702ad.tlog\rcc.write.1u.tlog
f:\wingtech-detection\wingtech-detection\x64\release\wingtech.b12702ad.tlog\uic.read.1u.tlog
f:\wingtech-detection\wingtech-detection\x64\release\wingtech.b12702ad.tlog\uic.write.1u.tlog
f:\wingtech-detection\wingtech-detection\x64\release\wingtech.b12702ad.tlog\wingtech-detection.write.1u.tlog
