  MvCamera.cpp
  adminLoginDialog.cpp
  AlgoManager.cpp
  ChangePswd.cpp
  CMainWindow.cpp
  Config.cpp
  CRecipeManager.cpp
  ImageCapture.cpp
  main.cpp
  melsec_helper.cpp
  melsec_mc_bin.cpp
  melsec_mc_comm.cpp
  MyLabel.cpp
  ParameterSetting.cpp
  PLCManager.cpp
  ResultDetials.cpp
  SaveImage.cpp
  socket.cpp
  statisticswidget.cpp
  utill.cpp
f:\wingtech-detection\wingtech-detection\adminlogindialog.cpp(64): warning C4172: 返回局部变量或临时变量的地址
f:\wingtech-detection\wingtech-detection\adminlogindialog.cpp(69): warning C4172: 返回局部变量或临时变量的地址
f:\wingtech-detection\wingtech-detection\plcmanager.cpp(216): warning C4715: “CPLCManager::ReadCurrentRecipe”: 不是所有的控件路径都返回值
f:\wingtech-detection\wingtech-detection\sdk\include\wentai_zheng_mian_module.h : warning C4819: 该文件包含不能在当前代码页(936)中表示的字符。请将该文件保存为 Unicode 格式以防止数据丢失 (编译源文件 AlgoManager.cpp)
f:\wingtech-detection\wingtech-detection\sdk\include\wentai_ce_mian_module.h : warning C4819: 该文件包含不能在当前代码页(936)中表示的字符。请将该文件保存为 Unicode 格式以防止数据丢失 (编译源文件 AlgoManager.cpp)
f:\wingtech-detection\wingtech-detection\sdk\include\wentai_zheng_mian_module.h : warning C4819: 该文件包含不能在当前代码页(936)中表示的字符。请将该文件保存为 Unicode 格式以防止数据丢失 (编译源文件 CRecipeManager.cpp)
f:\wingtech-detection\wingtech-detection\sdk\include\wentai_ce_mian_module.h : warning C4819: 该文件包含不能在当前代码页(936)中表示的字符。请将该文件保存为 Unicode 格式以防止数据丢失 (编译源文件 CRecipeManager.cpp)
f:\wingtech-detection\wingtech-detection\sdk\include\wentai_zheng_mian_module.h : warning C4819: 该文件包含不能在当前代码页(936)中表示的字符。请将该文件保存为 Unicode 格式以防止数据丢失 (编译源文件 ParameterSetting.cpp)
f:\wingtech-detection\wingtech-detection\sdk\include\wentai_ce_mian_module.h : warning C4819: 该文件包含不能在当前代码页(936)中表示的字符。请将该文件保存为 Unicode 格式以防止数据丢失 (编译源文件 ParameterSetting.cpp)
f:\wingtech-detection\wingtech-detection\sdk\include\wentai_zheng_mian_module.h : warning C4819: 该文件包含不能在当前代码页(936)中表示的字符。请将该文件保存为 Unicode 格式以防止数据丢失 (编译源文件 CMainWindow.cpp)
f:\wingtech-detection\wingtech-detection\sdk\include\wentai_ce_mian_module.h : warning C4819: 该文件包含不能在当前代码页(936)中表示的字符。请将该文件保存为 Unicode 格式以防止数据丢失 (编译源文件 CMainWindow.cpp)
f:\wingtech-detection\wingtech-detection\sdk\include\wentai_zheng_mian_module.h : warning C4819: 该文件包含不能在当前代码页(936)中表示的字符。请将该文件保存为 Unicode 格式以防止数据丢失 (编译源文件 main.cpp)
f:\wingtech-detection\wingtech-detection\sdk\include\wentai_ce_mian_module.h : warning C4819: 该文件包含不能在当前代码页(936)中表示的字符。请将该文件保存为 Unicode 格式以防止数据丢失 (编译源文件 main.cpp)
f:\wingtech-detection\wingtech-detection\parametersetting.cpp(416): warning C4715: “CParameterSetting::CloseDevice”: 不是所有的控件路径都返回值
  qrc_CMainWindow.cpp
  moc_CMainWindow.cpp
  moc_statisticswidget.cpp
  moc_AlgoManager.cpp
  moc_adminLoginDialog.cpp
  moc_ChangePswd.cpp
  moc_CRecipeManager.cpp
  moc_ImageCapture.cpp
  moc_ParameterSetting.cpp
  moc_PLCManager.cpp
  moc_MyLabel.cpp
  moc_ResultDetails.cpp
f:\wingtech-detection\wingtech-detection\sdk\include\wentai_zheng_mian_module.h : warning C4819: 该文件包含不能在当前代码页(936)中表示的字符。请将该文件保存为 Unicode 格式以防止数据丢失 (编译源文件 GeneratedFiles\Release\moc_AlgoManager.cpp)
f:\wingtech-detection\wingtech-detection\sdk\include\wentai_ce_mian_module.h : warning C4819: 该文件包含不能在当前代码页(936)中表示的字符。请将该文件保存为 Unicode 格式以防止数据丢失 (编译源文件 GeneratedFiles\Release\moc_AlgoManager.cpp)
f:\wingtech-detection\wingtech-detection\sdk\include\wentai_zheng_mian_module.h : warning C4819: 该文件包含不能在当前代码页(936)中表示的字符。请将该文件保存为 Unicode 格式以防止数据丢失 (编译源文件 GeneratedFiles\Release\moc_CRecipeManager.cpp)
f:\wingtech-detection\wingtech-detection\sdk\include\wentai_ce_mian_module.h : warning C4819: 该文件包含不能在当前代码页(936)中表示的字符。请将该文件保存为 Unicode 格式以防止数据丢失 (编译源文件 GeneratedFiles\Release\moc_CRecipeManager.cpp)
f:\wingtech-detection\wingtech-detection\sdk\include\wentai_zheng_mian_module.h : warning C4819: 该文件包含不能在当前代码页(936)中表示的字符。请将该文件保存为 Unicode 格式以防止数据丢失 (编译源文件 GeneratedFiles\Release\moc_ParameterSetting.cpp)
f:\wingtech-detection\wingtech-detection\sdk\include\wentai_ce_mian_module.h : warning C4819: 该文件包含不能在当前代码页(936)中表示的字符。请将该文件保存为 Unicode 格式以防止数据丢失 (编译源文件 GeneratedFiles\Release\moc_ParameterSetting.cpp)
f:\wingtech-detection\wingtech-detection\sdk\include\wentai_zheng_mian_module.h : warning C4819: 该文件包含不能在当前代码页(936)中表示的字符。请将该文件保存为 Unicode 格式以防止数据丢失 (编译源文件 GeneratedFiles\Release\moc_CMainWindow.cpp)
f:\wingtech-detection\wingtech-detection\sdk\include\wentai_ce_mian_module.h : warning C4819: 该文件包含不能在当前代码页(936)中表示的字符。请将该文件保存为 Unicode 格式以防止数据丢失 (编译源文件 GeneratedFiles\Release\moc_CMainWindow.cpp)
  Wingtech-Detection.vcxproj -> F:\Wingtech-Detection\x64\Release\Wingtech-Detection.exe
